chmod +x *.sh
gcc -Iinclude/ -I3rdparty/stb/include -Wall -Wfatal-errors -Wno-unused-result -Wno-unknown-pragmas -fPIC -pg -Ofast -c ./src/gemm.c -o obj/gemm.o
gcc -Iinclude/ -I3rdparty/stb/include -Wall -Wfatal-errors -Wno-unused-result -Wno-unknown-pragmas -fPIC -pg -Ofast -c ./src/darknet.c -o obj/darknet.o
gcc -Iinclude/ -I3rdparty/stb/include -Wall -Wfatal-errors -Wno-unused-result -Wno-unknown-pragmas -fPIC -pg -Ofast -c ./src/snr_test.c -o obj/snr_test.o
g++ -std=c++11 -std=c++11 -Iinclude/ -I3rdparty/stb/include -Wall -Wfatal-errors -Wno-unused-result -Wno-unknown-pragmas -fPIC -pg -Ofast obj/image_opencv.o obj/http_stream.o obj/gemm.o obj/utils.o obj/dark_cuda.o obj/convolutional_layer.o obj/list.o obj/image.o obj/activations.o obj/im2col.o obj/col2im.o obj/blas.o obj/crop_layer.o obj/dropout_layer.o obj/maxpool_layer.o obj/softmax_layer.o obj/data.o obj/matrix.o obj/network.o obj/connected_layer.o obj/cost_layer.o obj/parser.o obj/option_list.o obj/darknet.o obj/detection_layer.o obj/captcha.o obj/route_layer.o obj/writing.o obj/box.o obj/nightmare.o obj/normalization_layer.o obj/avgpool_layer.o obj/coco.o obj/dice.o obj/yolo.o obj/detector.o obj/layer.o obj/compare.o obj/classifier.o obj/local_layer.o obj/swag.o obj/shortcut_layer.o obj/representation_layer.o obj/activation_layer.o obj/rnn_layer.o obj/gru_layer.o obj/rnn.o obj/rnn_vid.o obj/crnn_layer.o obj/demo.o obj/tag.o obj/cifar.o obj/go.o obj/batchnorm_layer.o obj/art.o obj/region_layer.o obj/reorg_layer.o obj/reorg_old_layer.o obj/super.o obj/voxel.o obj/tree.o obj/yolo_layer.o obj/gaussian_yolo_layer.o obj/upsample_layer.o obj/lstm_layer.o obj/conv_lstm_layer.o obj/scale_channels_layer.o obj/sam_layer.o obj/snr_test.o -o darknet -lm -pthread

[DEBUG] Testing our gemm operation
[DEBUG] Allocating memory for matrices
[DEBUG] Reading matrices from the file
[DEBUG] Expected_length = 256, read_length = 256
[DEBUG] Read 256 nums for A
[DEBUG] Expected_length = 173056, read_length = 173056
[DEBUG] Read 173056 nums for B
[DEBUG] Expected_length = 676, read_length = 676
[DEBUG] Read 676 nums for Cin
[DEBUG] Expected_length = 676, read_length = 676
[DEBUG] Read 676 lines for Cout
[DEBUG] Computing snr for scale = 8
[DEBUG] Reinitilizing the Cin matrix
[DEBUG] Executing gemm operation
[RESULT] nums_sum = 221.128766
[RESULT] diff_sum =  35.606470
[RESULT] scale = 8; snr = 18.262178

[DEBUG] Computing snr for scale = 9
[DEBUG] Reinitilizing the Cin matrix
[DEBUG] Executing gemm operation
[RESULT] nums_sum = 221.128766
[RESULT] diff_sum =  16.831653
[RESULT] scale = 9; snr = 25.754839

[DEBUG] Computing snr for scale = 10
[DEBUG] Reinitilizing the Cin matrix
[DEBUG] Executing gemm operation
[RESULT] nums_sum = 221.128766
[RESULT] diff_sum =   4.519072
[RESULT] scale = 10; snr = 38.904385

[DEBUG] Computing snr for scale = 11
[DEBUG] Reinitilizing the Cin matrix
[DEBUG] Executing gemm operation
[RESULT] nums_sum = 221.128766
[RESULT] diff_sum =   1.426846
[RESULT] scale = 11; snr = 50.432785

[DEBUG] Computing snr for scale = 12
[DEBUG] Reinitilizing the Cin matrix
[DEBUG] Executing gemm operation
[RESULT] nums_sum = 221.128766
[RESULT] diff_sum =   0.355382
[RESULT] scale = 12; snr = 64.333061

[DEBUG] Computing snr for scale = 13
[DEBUG] Reinitilizing the Cin matrix
[DEBUG] Executing gemm operation
[RESULT] nums_sum = 221.128766
[RESULT] diff_sum =   0.085623
[RESULT] scale = 13; snr = 78.565445

[DEBUG] Computing snr for scale = 14
[DEBUG] Reinitilizing the Cin matrix
[DEBUG] Executing gemm operation
[RESULT] nums_sum = 221.128766
[RESULT] diff_sum =   0.026087
[RESULT] scale = 14; snr = 90.450508

[DEBUG] Computing snr for scale = 15
[DEBUG] Reinitilizing the Cin matrix
[DEBUG] Executing gemm operation
[RESULT] nums_sum = 221.128766
[RESULT] diff_sum =   0.005678
[RESULT] scale = 15; snr = 105.698715

[DEBUG] Computing snr for scale = 16
[DEBUG] Reinitilizing the Cin matrix
[DEBUG] Executing gemm operation
[RESULT] nums_sum = 221.128766
[RESULT] diff_sum = 338.279492
[RESULT] scale = 16; snr = -4.251273

[DEBUG] Computing snr for scale = 17
[DEBUG] Reinitilizing the Cin matrix
[DEBUG] Executing gemm operation
[RESULT] nums_sum = 221.128766
[RESULT] diff_sum = 243.382143
[RESULT] scale = 17; snr = -0.958876

[DEBUG] Computing snr for scale = 18
[DEBUG] Reinitilizing the Cin matrix
[DEBUG] Executing gemm operation
[RESULT] nums_sum = 221.128766
[RESULT] diff_sum = 238.459005
[RESULT] scale = 18; snr = -0.754522

[DEBUG] Computing snr for scale = 19
[DEBUG] Reinitilizing the Cin matrix
[DEBUG] Executing gemm operation
[RESULT] nums_sum = 221.128766
[RESULT] diff_sum = 221.127835
[RESULT] scale = 19; snr = 0.000042

